<?xml version="1.0" encoding="UTF-8"?>
<testng-results skipped="0" failed="0" ignored="0" total="1" passed="1">
  <reporter-output>
  </reporter-output>
  <suite name="Default suite" duration-ms="1010" started-at="2020-06-01T05:32:06Z" finished-at="2020-06-01T05:32:07Z">
    <groups>
    </groups>
    <test name="Default test" duration-ms="1010" started-at="2020-06-01T05:32:06Z" finished-at="2020-06-01T05:32:07Z">
      <class name="Excel_Manager.extractJson">
        <test-method status="PASS" signature="generate_Reports()[pri:0, instance:Excel_Manager.extractJson@1baeedf]" name="generate_Reports" duration-ms="982" started-at="2020-06-01T05:32:06Z" finished-at="2020-06-01T05:32:07Z">
          <reporter-output>
          </reporter-output>
        </test-method> <!-- generate_Reports -->
      </class> <!-- Excel_Manager.extractJson -->
    </test> <!-- Default test -->
  </suite> <!-- Default suite -->
</testng-results>
